<?xml version="1.0" encoding="UTF-8"?>
<testsuite name="SolutionTest" tests="4" skipped="0" failures="0" errors="0" timestamp="2022-07-17T16:23:03" hostname="yuanyu-ubuntu" time="0.034">
  <properties/>
  <testcase name="jumpExample1()" classname="SolutionTest" time="0.028"/>
  <testcase name="jumpExample2()" classname="SolutionTest" time="0.002"/>
  <testcase name="jumpDpExample1()" classname="SolutionTest" time="0.001"/>
  <testcase name="jumpDpExample2()" classname="SolutionTest" time="0.001"/>
  <system-out><![CDATA[]]></system-out>
  <system-err><![CDATA[]]></system-err>
</testsuite>
